<?xml version="1.0" encoding="UTF-8"?>
<!-- Generated by org.testng.reporters.JUnitReportReporter -->
<testsuite hostname="TYSS-Akhil" failures="0" tests="1" name="trelloendtoend.TrelloCreateAndDeleteBoard" time="27.556" errors="0" timestamp="2023-09-04T11:18:39 IST" skipped="0">
  <testcase classname="trelloendtoend.TrelloCreateAndDeleteBoard" name="CreateAndDeleteBoard" time="27.556"/>
  <system-out/>
</testsuite> <!-- trelloendtoend.TrelloCreateAndDeleteBoard -->
